<?xml version="1.0" encoding="UTF-8"?>
<!-- Generated by org.testng.reporters.JUnitReportReporter -->
<testsuite hostname="LAPTOP-UB5N5LG1" failures="0" tests="6" name="HyperLink" time="49.047" errors="0" timestamp="2023-07-03T11:04:02 IST" skipped="0">
  <testcase classname="HyperLink" name="totlinks" time="10.677"/>
  <testcase classname="HyperLink" name="linksinlayout" time="7.134"/>
  <testcase classname="HyperLink" name="mainTest" time="13.674"/>
  <testcase classname="HyperLink" name="broken" time="5.930"/>
  <testcase classname="HyperLink" name="destinationurl" time="4.127"/>
  <testcase classname="HyperLink" name="duplicatelink" time="7.505"/>
</testsuite> <!-- HyperLink -->
