<?xml version="1.0" encoding="UTF-8"?>
<!-- Generated by org.testng.reporters.JUnitReportReporter -->
<testsuite hostname="LAPTOP-UB5N5LG1" failures="0" tests="1" name="DragAndDrop" time="5.951" errors="0" timestamp="2023-07-04T09:51:55 IST" skipped="0">
  <testcase classname="DragAndDrop" name="droppable" time="5.951"/>
</testsuite> <!-- DragAndDrop -->
