<?xml version="1.0" encoding="UTF-8"?>
<!-- Generated by org.testng.reporters.JUnitReportReporter -->
<testsuite hostname="LAPTOP-UB5N5LG1" failures="0" tests="4" name="Window" time="44.465" errors="0" timestamp="2023-07-04T10:50:06 IST" skipped="0">
  <testcase classname="Window" name="closetabsexpceptprimary" time="9.947"/>
  <testcase classname="Window" name="delaytabs" time="15.310"/>
  <testcase classname="Window" name="f" time="5.724"/>
  <testcase classname="Window" name="nooftabsopened" time="13.484"/>
</testsuite> <!-- Window -->
