<?xml version="1.0" encoding="UTF-8"?>
<!-- Generated by org.testng.reporters.JUnitReportReporter -->
<testsuite hostname="LAPTOP-UB5N5LG1" failures="0" tests="1" name="CheckBox" time="9.826" errors="0" timestamp="2023-07-06T07:14:27 IST" skipped="0">
  <testcase classname="CheckBox" name="basiccheclbox" time="9.826"/>
</testsuite> <!-- CheckBox -->
