<?xml version="1.0" encoding="UTF-8"?>
<!-- Generated by org.testng.reporters.JUnitReportReporter -->
<testsuite hostname="LAPTOP-UB5N5LG1" failures="0" tests="1" name="Screenshot" time="9.808" errors="0" timestamp="2023-07-07T14:37:09 IST" skipped="0">
  <testcase classname="Screenshot" name="robotmethod" time="9.808"/>
</testsuite> <!-- Screenshot -->
