<?xml version="1.0" encoding="UTF-8"?>
<!-- Generated by org.testng.reporters.JUnitReportReporter -->
<testsuite hostname="LAPTOP-UB5N5LG1" failures="0" tests="1" name="DatePickerUsingJse" time="16.076" errors="0" timestamp="2023-07-07T14:33:17 IST" skipped="0">
  <testcase classname="DatePickerUsingJse" name="f" time="16.076"/>
</testsuite> <!-- DatePickerUsingJse -->
