<?xml version="1.0" encoding="UTF-8"?>
<!-- Generated by org.testng.reporters.JUnitReportReporter -->
<testsuite hostname="LAPTOP-UB5N5LG1" failures="0" tests="1" name="Auth" time="62.310" errors="0" timestamp="2023-07-07T14:26:04 IST" skipped="0">
  <testcase classname="Auth" name="f" time="62.310"/>
</testsuite> <!-- Auth -->
