<?xml version="1.0" encoding="UTF-8"?>
<!-- Generated by org.testng.reporters.JUnitReportReporter -->
<testsuite hostname="LAPTOP-UB5N5LG1" failures="0" tests="1" name="Menu" time="8.010" errors="0" timestamp="2023-07-07T12:34:47 IST" skipped="0">
  <testcase classname="Menu" name="slidemenu" time="8.010"/>
</testsuite> <!-- Menu -->
