<?xml version="1.0" encoding="UTF-8"?>
<!-- Generated by org.testng.reporters.JUnitReportReporter -->
<testsuite hostname="LAPTOP-UB5N5LG1" failures="0" tests="1" name="Table" time="19.187" errors="0" timestamp="2023-07-07T14:29:27 IST" skipped="0">
  <testcase classname="Table" name="rowsandcloumns" time="19.187"/>
</testsuite> <!-- Table -->
