<?xml version="1.0" encoding="UTF-8"?>
<!-- Generated by org.testng.reporters.JUnitReportReporter -->
<testsuite hostname="LAPTOP-UB5N5LG1" failures="0" tests="1" name="Tree" time="8.750" errors="0" timestamp="2023-07-07T13:15:35 IST" skipped="0">
  <testcase classname="Tree" name="horizontaltree" time="8.750"/>
</testsuite> <!-- Tree -->
