<?xml version="1.0" encoding="UTF-8"?>
<!-- Generated by org.testng.reporters.JUnitReportReporter -->
<testsuite hostname="LAPTOP-UB5N5LG1" failures="0" tests="4" name="RadioButton" time="35.520" errors="0" timestamp="2023-07-03T11:05:08 IST" skipped="0">
  <testcase classname="RadioButton" name="ageselect" time="14.580"/>
  <testcase classname="RadioButton" name="unselect" time="9.360"/>
  <testcase classname="RadioButton" name="favouritebrowser" time="4.793"/>
  <testcase classname="RadioButton" name="defaultselect" time="6.787"/>
</testsuite> <!-- RadioButton -->
