<?xml version="1.0" encoding="UTF-8"?>
<!-- Generated by org.testng.reporters.JUnitReportReporter -->
<testsuite hostname="LAPTOP-UB5N5LG1" failures="0" tests="4" name="Alert" time="24.630" errors="0" timestamp="2023-07-04T10:44:51 IST" skipped="0">
  <testcase classname="Alert" name="SweetAlert" time="5.631"/>
  <testcase classname="Alert" name="promtdialog" time="5.966"/>
  <testcase classname="Alert" name="ConfirmDialog" time="5.214"/>
  <testcase classname="Alert" name="Alerts" time="7.819"/>
</testsuite> <!-- Alert -->
