<?xml version="1.0" encoding="UTF-8"?>
<!-- Generated by org.testng.reporters.JUnitReportReporter -->
<testsuite hostname="LAPTOP-UB5N5LG1" failures="0" tests="1" name="RadioButton$unselectable" time="6.492" errors="0" timestamp="2023-07-03T07:53:38 IST" skipped="0">
  <testcase classname="RadioButton$unselectable" name="favouritebrowser" time="6.492"/>
</testsuite> <!-- RadioButton$unselectable -->
