<?xml version="1.0" encoding="UTF-8"?>
<!-- Generated by org.testng.reporters.JUnitReportReporter -->
<testsuite hostname="LAPTOP-UB5N5LG1" failures="0" tests="1" name="Calender" time="14.386" errors="0" timestamp="2023-07-07T14:28:00 IST" skipped="0">
  <testcase classname="Calender" name="meetingschedule" time="14.386"/>
</testsuite> <!-- Calender -->
