<?xml version="1.0" encoding="UTF-8"?>
<!-- Generated by org.testng.reporters.JUnitReportReporter -->
<testsuite hostname="LAPTOP-UB5N5LG1" failures="0" tests="1" name="Message" time="16.274" errors="0" timestamp="2023-07-04T19:58:57 IST" skipped="0">
  <testcase classname="Message" name="message" time="16.274"/>
</testsuite> <!-- Message -->
