<?xml version="1.0" encoding="UTF-8"?>
<!-- Generated by org.testng.reporters.JUnitReportReporter -->
<testsuite hostname="LAPTOP-UB5N5LG1" failures="0" tests="1" name="FileUpload" time="7.784" errors="0" timestamp="2023-07-05T06:31:05 IST" skipped="0">
  <testcase classname="FileUpload" name="f" time="7.784"/>
</testsuite> <!-- FileUpload -->
