<?xml version="1.0" encoding="UTF-8"?>
<!-- Generated by org.testng.reporters.JUnitReportReporter -->
<testsuite hostname="LAPTOP-UB5N5LG1" failures="0" tests="2" name="functionality.Amazon" time="64.660" errors="0" timestamp="2023-07-10T13:08:52 IST" skipped="0">
  <testcase classname="functionality.Amazon" name="gettitle" time="3.823"/>
  <testcase classname="functionality.Amazon" name="amzn" time="60.837"/>
</testsuite> <!-- functionality.Amazon -->
