<?xml version="1.0" encoding="UTF-8"?>
<!-- Generated by org.testng.reporters.JUnitReportReporter -->
<testsuite hostname="LAPTOP-UB5N5LG1" failures="0" tests="1" name="FileUploaddownload" time="19.421" errors="0" timestamp="2023-07-07T14:32:21 IST" skipped="0">
  <testcase classname="FileUploaddownload" name="download" time="19.421"/>
</testsuite> <!-- FileUploaddownload -->
