<?xml version="1.0" encoding="UTF-8"?>
<!-- Generated by org.testng.reporters.JUnitReportReporter -->
<testsuite hostname="LAPTOP-UB5N5LG1" failures="0" tests="1" name="Button" time="4.577" errors="0" timestamp="2023-07-03T10:46:48 IST" skipped="0">
  <testcase classname="Button" name="roundedbtns" time="4.577"/>
</testsuite> <!-- Button -->
