<?xml version="1.0" encoding="UTF-8"?>
<!-- Generated by org.testng.reporters.JUnitReportReporter -->
<testsuite hostname="LAPTOP-UB5N5LG1" failures="0" tests="3" name="Frames" time="14.060" errors="0" timestamp="2023-07-04T10:46:25 IST" skipped="0">
  <testcase classname="Frames" name="insidenestedframe" time="4.830"/>
  <testcase classname="Frames" name="clickme" time="5.462"/>
  <testcase classname="Frames" name="totnoframes" time="3.768"/>
</testsuite> <!-- Frames -->
